<?xml version="1.0" encoding="utf-8"?><testsuites name="pytest tests"><testsuite name="pytest" errors="0" failures="0" skipped="0" tests="15" time="67.930" timestamp="2026-01-15T07:55:53.836490+00:00" hostname="agent-env-ace7efc5-ab1f-4f0c-882e-97b685ab820f"><testcase classname="tests.test_analysis.TestAnalysisFeature" name="test_analysis_endpoints_require_auth" time="0.113" /><testcase classname="tests.test_analysis.TestAnalysisFeature" name="test_scheme_master_status" time="0.587" /><testcase classname="tests.test_analysis.TestAnalysisFeature" name="test_upload_scheme_master" time="0.245" /><testcase classname="tests.test_analysis.TestAnalysisFeature" name="test_scheme_master_broker_only" time="0.041" /><testcase classname="tests.test_analysis.TestAnalysisFeature" name="test_upload_cas_pdf" time="0.201" /><testcase classname="tests.test_analysis.TestAnalysisFeature" name="test_upload_cas_invalid_password" time="0.039" /><testcase classname="tests.test_analysis.TestAnalysisFeature" name="test_upload_cas_missing_password" time="0.085" /><testcase classname="tests.test_analysis.TestAnalysisFeature" name="test_list_analyses" time="0.079" /><testcase classname="tests.test_analysis.TestAnalysisFeature" name="test_get_analysis_details" time="0.134" /><testcase classname="tests.test_analysis.TestAnalysisFeature" name="test_get_analysis_not_found" time="0.035" /><testcase classname="tests.test_analysis.TestAnalysisFeature" name="test_download_gap_sheet" time="65.230" /><testcase classname="tests.test_analysis.TestAnalysisFeature" name="test_download_gap_sheet_not_found" time="0.087" /><testcase classname="tests.test_analysis.TestAnalysisFeature" name="test_delete_analysis" time="0.283" /><testcase classname="tests.test_analysis.TestAnalysisFeature" name="test_delete_analysis_not_found" time="0.035" /><testcase classname="tests.test_analysis.TestAnalysisDataValidation" name="test_parsed_data_structure" time="0.653" /></testsuite></testsuites>