<?xml version="1.0" encoding="utf-8"?><testsuites name="pytest tests"><testsuite name="pytest" errors="0" failures="0" skipped="1" tests="13" time="5.300" timestamp="2026-01-17T13:23:31.709337+00:00" hostname="agent-env-ea95aff2-4c5e-4f06-9810-559f7903da6d"><testcase classname="tests.test_bulk_upload_multisheet.TestBulkUploadTemplateStructure" name="test_template_has_5_sheets" time="0.650" /><testcase classname="tests.test_bulk_upload_multisheet.TestBulkUploadTemplateStructure" name="test_personal_details_sheet_has_ucc_columns" time="0.061" /><testcase classname="tests.test_bulk_upload_multisheet.TestBulkUploadTemplateStructure" name="test_address_sheet_has_correct_columns" time="0.058" /><testcase classname="tests.test_bulk_upload_multisheet.TestBulkUploadTemplateStructure" name="test_bank_sheet_has_correct_columns" time="0.062" /><testcase classname="tests.test_bulk_upload_multisheet.TestBulkUploadTemplateStructure" name="test_nominee_sheet_has_correct_columns" time="0.059" /><testcase classname="tests.test_bulk_upload_multisheet.TestBulkUploadTemplateStructure" name="test_subbroker_sheet_has_correct_columns" time="0.057" /><testcase classname="tests.test_bulk_upload_multisheet.TestBulkUploadMultiSheetParsing" name="test_bulk_upload_reads_all_sheets_and_merges_by_pan" time="1.169" /><testcase classname="tests.test_bulk_upload_multisheet.TestBulkUploadMultiSheetParsing" name="test_bulk_upload_with_partial_sheets" time="0.626" /><testcase classname="tests.test_bulk_upload_multisheet.TestSubBrokerClientPermissions" name="test_broker_can_create_client" time="0.557" /><testcase classname="tests.test_bulk_upload_multisheet.TestSubBrokerClientPermissions" name="test_create_client_endpoint_allows_sub_broker_role" time="0.518" /><testcase classname="tests.test_bulk_upload_multisheet.TestSubBrokerClientPermissions" name="test_update_client_endpoint_allows_sub_broker_role" time="0.596" /><testcase classname="tests.test_bulk_upload_multisheet.TestSubBrokerClientPermissions" name="test_sub_broker_auto_link_on_bulk_upload" time="0.581" /><testcase classname="tests.test_bulk_upload_multisheet.TestBulkUploadSubBrokerAssignment" name="test_bulk_upload_with_subbroker_assignment_sheet" time="0.058"><skipped type="pytest.skip" message="No sub-brokers available for testing">/app/tests/test_bulk_upload_multisheet.py:522: No sub-brokers available for testing</skipped></testcase></testsuite></testsuites>