<?xml version="1.0" encoding="utf-8"?><testsuites name="pytest tests"><testsuite name="pytest" errors="0" failures="0" skipped="0" tests="7" time="1.232" timestamp="2026-01-25T12:19:25.812538+00:00" hostname="agent-env-d90f1927-1996-4eba-95ce-1ededc676739"><testcase classname="backend.tests.test_bulk_upload_email_and_tooltip.TestBulkUploadEmailFeature" name="test_bulk_clients_endpoint_exists" time="0.580" /><testcase classname="backend.tests.test_bulk_upload_email_and_tooltip.TestBulkUploadEmailFeature" name="test_clients_bulk_upload_endpoint_exists" time="0.580" /><testcase classname="backend.tests.test_bulk_upload_email_and_tooltip.TestCodeVerification" name="test_bulk_upload_clients_has_send_welcome_email_call" time="0.006" /><testcase classname="backend.tests.test_bulk_upload_email_and_tooltip.TestCodeVerification" name="test_holdings_tooltip_format_correct" time="0.001" /><testcase classname="backend.tests.test_bulk_upload_email_and_tooltip.TestEmailServiceImport" name="test_send_welcome_email_client_imported" time="0.003" /><testcase classname="backend.tests.test_bulk_upload_email_and_tooltip.TestBulkUploadFunctionStructure" name="test_bulk_upload_clients_function_exists" time="0.002" /><testcase classname="backend.tests.test_bulk_upload_email_and_tooltip.TestBulkUploadFunctionStructure" name="test_email_sending_in_bulk_upload_context" time="0.003" /></testsuite></testsuites>