<?xml version="1.0" encoding="utf-8"?><testsuites name="pytest tests"><testsuite name="pytest" errors="0" failures="0" skipped="0" tests="22" time="15.166" timestamp="2026-01-12T20:10:41.972569+00:00" hostname="agent-env-27325bfe-3027-4aa6-9d4e-5a75152fc3f7"><testcase classname="tests.test_client_portal.TestClientPortalAuth" name="test_client_login_step1_success" time="0.300" /><testcase classname="tests.test_client_portal.TestClientPortalAuth" name="test_client_login_step2_success" time="0.496" /><testcase classname="tests.test_client_portal.TestClientPortalAuth" name="test_client_login_invalid_pan" time="0.038" /><testcase classname="tests.test_client_portal.TestClientPortalAuth" name="test_client_login_invalid_password" time="0.255" /><testcase classname="tests.test_client_portal.TestClientPortalAuth" name="test_client_login_invalid_pin" time="0.496" /><testcase classname="tests.test_client_portal.TestClientProfile" name="test_get_client_profile" time="0.498" /><testcase classname="tests.test_client_portal.TestClientProfile" name="test_client_profile_forbidden_for_broker" time="0.968" /><testcase classname="tests.test_client_portal.TestClientOpportunities" name="test_get_client_opportunities" time="0.546" /><testcase classname="tests.test_client_portal.TestClientOpportunities" name="test_client_opportunities_forbidden_for_broker" time="1.068" /><testcase classname="tests.test_client_portal.TestClientHoldings" name="test_get_client_holdings" time="0.555" /><testcase classname="tests.test_client_portal.TestClientHoldings" name="test_client_holdings_forbidden_for_broker" time="0.986" /><testcase classname="tests.test_client_portal.TestClientTrades" name="test_get_client_trades" time="0.504" /><testcase classname="tests.test_client_portal.TestClientTrades" name="test_client_trades_forbidden_for_broker" time="1.052" /><testcase classname="tests.test_client_portal.TestClientReinvestment" name="test_get_client_reinvestment" time="0.550" /><testcase classname="tests.test_client_portal.TestClientReinvestment" name="test_client_reinvestment_forbidden_for_broker" time="0.975" /><testcase classname="tests.test_client_portal.TestClientCreationByBroker" name="test_broker_creates_client_with_user_account" time="0.968" /><testcase classname="tests.test_client_portal.TestClientProfileVerification" name="test_get_verification_details" time="1.068" /><testcase classname="tests.test_client_portal.TestClientProfileVerification" name="test_verify_client_profile" time="1.004" /><testcase classname="tests.test_client_portal.TestClientProfileVerification" name="test_invalid_verification_token" time="0.533" /><testcase classname="tests.test_client_portal.TestClientBookUnits" name="test_client_book_units" time="0.585" /><testcase classname="tests.test_client_portal.TestClientBookUnits" name="test_client_book_units_invalid_bond" time="0.552" /><testcase classname="tests.test_client_portal.TestClientBookUnits" name="test_client_book_units_forbidden_for_broker" time="0.973" /></testsuite></testsuites>