<?xml version="1.0" encoding="utf-8"?><testsuites name="pytest tests"><testsuite name="pytest" errors="0" failures="0" skipped="0" tests="16" time="6.283" timestamp="2026-01-20T06:20:11.530207+00:00" hostname="agent-env-8a6e2087-45fd-4d59-a0cd-9213d3160f12"><testcase classname="tests.test_client_module_overhaul.TestAuthentication" name="test_broker_login" time="0.536" /><testcase classname="tests.test_client_module_overhaul.TestDashboardEndpoints" name="test_invalid_pan_endpoint" time="0.546" /><testcase classname="tests.test_client_module_overhaul.TestDashboardEndpoints" name="test_expiring_documents_endpoint" time="0.073" /><testcase classname="tests.test_client_module_overhaul.TestMigrationEndpoint" name="test_migrate_to_new_schema" time="0.542" /><testcase classname="tests.test_client_module_overhaul.TestBulkUploadTemplates" name="test_indian_client_template_download" time="0.561" /><testcase classname="tests.test_client_module_overhaul.TestBulkUploadTemplates" name="test_foreign_client_template_download" time="0.048" /><testcase classname="tests.test_client_module_overhaul.TestClientCreation" name="test_create_indian_passport_client_bonds" time="1.041" /><testcase classname="tests.test_client_module_overhaul.TestClientCreation" name="test_create_indian_passport_client_real_estate" time="0.517" /><testcase classname="tests.test_client_module_overhaul.TestClientCreation" name="test_create_foreign_passport_client_uae" time="0.559" /><testcase classname="tests.test_client_module_overhaul.TestClientCreation" name="test_create_foreign_passport_client_gift_city" time="0.514" /><testcase classname="tests.test_client_module_overhaul.TestClientCreationValidation" name="test_indian_passport_requires_pan" time="0.559" /><testcase classname="tests.test_client_module_overhaul.TestClientCreationValidation" name="test_foreign_passport_requires_passport_number" time="0.033" /><testcase classname="tests.test_client_module_overhaul.TestClientCreationValidation" name="test_bonds_requires_bank_details" time="0.073" /><testcase classname="tests.test_client_module_overhaul.TestClientCreationValidation" name="test_invalid_passport_type" time="0.041" /><testcase classname="tests.test_client_module_overhaul.TestClientCreationValidation" name="test_indian_cannot_select_gift_city" time="0.033" /><testcase classname="tests.test_client_module_overhaul.TestClientsList" name="test_get_clients_list" time="0.550" /></testsuite></testsuites>