<?xml version="1.0" encoding="utf-8"?><testsuites name="pytest tests"><testsuite name="pytest" errors="0" failures="0" skipped="1" tests="18" time="13.085" timestamp="2026-01-12T17:21:52.225328+00:00" hostname="agent-env-f302bcf2-8b95-44c6-93e2-2fd2c23540df"><testcase classname="tests.test_client_management.TestClientCRUD" name="test_create_client_with_all_details" time="0.626" /><testcase classname="tests.test_client_management.TestClientCRUD" name="test_create_client_minimal_required_fields" time="0.567" /><testcase classname="tests.test_client_management.TestClientCRUD" name="test_create_client_duplicate_pan_rejected" time="0.627" /><testcase classname="tests.test_client_management.TestClientCRUD" name="test_get_clients_list" time="0.596" /><testcase classname="tests.test_client_management.TestClientCRUD" name="test_get_single_client" time="0.615" /><testcase classname="tests.test_client_management.TestClientCRUD" name="test_update_client" time="0.651" /><testcase classname="tests.test_client_management.TestClientCRUD" name="test_delete_client" time="0.634" /><testcase classname="tests.test_client_management.TestClientCRUD" name="test_subbroker_cannot_create_client" time="0.616" /><testcase classname="tests.test_client_management.TestClientCRUD" name="test_subbroker_cannot_delete_client" time="1.144" /><testcase classname="tests.test_client_management.TestClientSubBrokerLinking" name="test_link_client_to_subbroker" time="0.786" /><testcase classname="tests.test_client_management.TestClientSubBrokerLinking" name="test_unlink_client_from_subbroker" time="0.727" /><testcase classname="tests.test_client_management.TestClientSubBrokerLinking" name="test_subbroker_sees_only_linked_clients" time="1.134"><skipped type="pytest.skip" message="Sub-broker partner not found">/app/tests/test_client_management.py:468: Sub-broker partner not found</skipped></testcase><testcase classname="tests.test_client_management.TestBondAllocation" name="test_allocate_bond_to_client" time="0.740" /><testcase classname="tests.test_client_management.TestBondAllocation" name="test_update_allocation_units_paid" time="0.716" /><testcase classname="tests.test_client_management.TestBondAllocation" name="test_fully_paid_allocation" time="0.749" /><testcase classname="tests.test_client_management.TestBondAllocation" name="test_remove_bond_allocation" time="0.752" /><testcase classname="tests.test_client_management.TestBondAllocation" name="test_allocation_exceeds_available_units" time="0.627" /><testcase classname="tests.test_client_management.TestClientSearch" name="test_search_by_name" time="0.603" /></testsuite></testsuites>