<?xml version="1.0" encoding="utf-8"?><testsuites name="pytest tests"><testsuite name="pytest" errors="0" failures="0" skipped="0" tests="17" time="9.592" timestamp="2026-01-14T10:15:26.670537+00:00" hostname="agent-env-35b9d5dc-b2a9-4c52-a76d-b8b063465775"><testcase classname="tests.test_dashboard.TestDashboardAuth" name="test_dashboard_requires_auth" time="0.241" /><testcase classname="tests.test_dashboard.TestDashboardSummary" name="test_summary_endpoint_returns_200" time="0.565" /><testcase classname="tests.test_dashboard.TestDashboardSummary" name="test_summary_has_required_fields" time="0.565" /><testcase classname="tests.test_dashboard.TestDashboardSummary" name="test_summary_data_types" time="0.564" /><testcase classname="tests.test_dashboard.TestDashboardClientsByCity" name="test_clients_by_city_returns_200" time="0.553" /><testcase classname="tests.test_dashboard.TestDashboardClientsByCity" name="test_clients_by_city_returns_list" time="0.592" /><testcase classname="tests.test_dashboard.TestDashboardAumDistribution" name="test_aum_distribution_returns_200" time="0.561" /><testcase classname="tests.test_dashboard.TestDashboardAumDistribution" name="test_aum_distribution_has_required_fields" time="0.553" /><testcase classname="tests.test_dashboard.TestDashboardAumDistribution" name="test_aum_by_asset_class_structure" time="0.597" /><testcase classname="tests.test_dashboard.TestDashboardActivityLog" name="test_activity_log_returns_200" time="0.574" /><testcase classname="tests.test_dashboard.TestDashboardActivityLog" name="test_activity_log_returns_list" time="0.559" /><testcase classname="tests.test_dashboard.TestDashboardActivityLog" name="test_activity_log_item_structure" time="0.571" /><testcase classname="tests.test_dashboard.TestDashboardActivityLog" name="test_activity_log_limit_parameter" time="0.565" /><testcase classname="tests.test_dashboard.TestDashboardMonthlyStats" name="test_monthly_stats_returns_200" time="0.593" /><testcase classname="tests.test_dashboard.TestDashboardMonthlyStats" name="test_monthly_stats_returns_12_months" time="0.599" /><testcase classname="tests.test_dashboard.TestDashboardMonthlyStats" name="test_monthly_stats_item_structure" time="0.594" /><testcase classname="tests.test_dashboard.TestDashboardMonthlyStats" name="test_monthly_stats_year_parameter" time="0.561" /></testsuite></testsuites>