<?xml version="1.0" encoding="utf-8"?><testsuites name="pytest tests"><testsuite name="pytest" errors="0" failures="0" skipped="0" tests="13" time="8.165" timestamp="2026-02-05T04:51:33.061877+00:00" hostname="agent-env-32682f42-2a57-40d7-b521-27138815977c"><testcase classname="backend.tests.test_data_gathering.TestDataGatheringAuth" name="test_broker_login_successful" time="0.608" /><testcase classname="backend.tests.test_data_gathering.TestDataGatheringFamilies" name="test_list_families_api" time="0.585" /><testcase classname="backend.tests.test_data_gathering.TestDataGatheringFamilies" name="test_create_family_api" time="0.607" /><testcase classname="backend.tests.test_data_gathering.TestDataGatheringFamilies" name="test_get_family_details" time="0.619" /><testcase classname="backend.tests.test_data_gathering.TestDataGatheringIncome" name="test_add_income_entry" time="0.693" /><testcase classname="backend.tests.test_data_gathering.TestDataGatheringGoals" name="test_add_goal_entry" time="0.643" /><testcase classname="backend.tests.test_data_gathering.TestDataGatheringSurplus" name="test_surplus_calculation_endpoint" time="0.652" /><testcase classname="backend.tests.test_data_gathering.TestDataGatheringLookups" name="test_life_expectancy_lookup" time="0.618" /><testcase classname="backend.tests.test_data_gathering.TestDataGatheringLookups" name="test_tax_slabs_lookup" time="0.634" /><testcase classname="backend.tests.test_data_gathering.TestDataGatheringLookups" name="test_relations_lookup" time="0.577" /><testcase classname="backend.tests.test_data_gathering.TestDataGatheringLookups" name="test_income_categories_lookup" time="0.577" /><testcase classname="backend.tests.test_data_gathering.TestDataGatheringLookups" name="test_goal_categories_lookup" time="0.652" /><testcase classname="backend.tests.test_data_gathering.TestExistingFamilyData" name="test_john_doe_family_exists" time="0.621" /></testsuite></testsuites>