<?xml version="1.0" encoding="utf-8"?><testsuites name="pytest tests"><testsuite name="pytest" errors="0" failures="0" skipped="0" tests="12" time="1.020" timestamp="2026-01-19T09:30:20.451667+00:00" hostname="agent-env-827baea8-ae57-4fc4-8ba3-7b1b4ef08433"><testcase classname="tests.test_enhanced_calculator.TestEnhancedCalculatorEndpoint" name="test_bond_exists" time="0.584" /><testcase classname="tests.test_enhanced_calculator.TestEnhancedCalculatorEndpoint" name="test_calculate_enhanced_basic" time="0.051" /><testcase classname="tests.test_enhanced_calculator.TestEnhancedCalculatorEndpoint" name="test_calculate_enhanced_multiple_units" time="0.012" /><testcase classname="tests.test_enhanced_calculator.TestEnhancedCalculatorEndpoint" name="test_interest_period_details" time="0.051" /><testcase classname="tests.test_enhanced_calculator.TestEnhancedCalculatorEndpoint" name="test_future_cashflows" time="0.009" /><testcase classname="tests.test_enhanced_calculator.TestEnhancedCalculatorEndpoint" name="test_secondary_irr_matches_bond" time="0.062" /><testcase classname="tests.test_enhanced_calculator.TestEnhancedCalculatorEndpoint" name="test_invalid_settlement_date_before_start" time="0.059" /><testcase classname="tests.test_enhanced_calculator.TestEnhancedCalculatorEndpoint" name="test_invalid_settlement_date_after_maturity" time="0.017" /><testcase classname="tests.test_enhanced_calculator.TestEnhancedCalculatorEndpoint" name="test_invalid_bond_id" time="0.050" /><testcase classname="tests.test_enhanced_calculator.TestEnhancedCalculatorEndpoint" name="test_expected_values_for_test_bond" time="0.010" /><testcase classname="tests.test_enhanced_calculator.TestEnhancedCalculatorEdgeCases" name="test_units_exceeds_available" time="0.016" /><testcase classname="tests.test_enhanced_calculator.TestEnhancedCalculatorEdgeCases" name="test_zero_units" time="0.049" /></testsuite></testsuites>