<?xml version="1.0" encoding="utf-8"?><testsuites name="pytest tests"><testsuite name="pytest" errors="0" failures="0" skipped="0" tests="3" time="3.744" timestamp="2026-09-08T17:47:41.042140+00:00" hostname="agent-env-1f22e7ff-7241-459e-aa24-fad2601fe565"><testcase classname="backend.tests.test_expense_delete_persistence.TestExpenseDeletePersistence" name="test_delete_removes_expense_from_get" time="1.909" /><testcase classname="backend.tests.test_expense_delete_persistence.TestExpenseDeletePersistence" name="test_delete_then_readd_no_duplicates" time="0.944" /><testcase classname="backend.tests.test_expense_delete_persistence.TestExpenseDeletePersistence" name="test_double_delete_is_idempotent" time="0.833" /></testsuite></testsuites>