<?xml version="1.0" encoding="utf-8"?><testsuites name="pytest tests"><testsuite name="pytest" errors="0" failures="1" skipped="0" tests="9" time="1.179" timestamp="2026-01-17T07:37:30.464616+00:00" hostname="agent-env-f83df557-cc7a-4caa-877c-7786c2d8fd31"><testcase classname="tests.test_historical_trades.TestHistoricalTradesTemplate" name="test_download_template_success" time="0.599" /><testcase classname="tests.test_historical_trades.TestHistoricalTradesTemplate" name="test_download_template_unauthorized" time="0.050" /><testcase classname="tests.test_historical_trades.TestHistoricalTradesUpload" name="test_upload_with_nonexistent_bond" time="0.054" /><testcase classname="tests.test_historical_trades.TestHistoricalTradesUpload" name="test_upload_with_nonexistent_client" time="0.055" /><testcase classname="tests.test_historical_trades.TestHistoricalTradesUpload" name="test_upload_with_amount_mismatch" time="0.043" /><testcase classname="tests.test_historical_trades.TestHistoricalTradesUpload" name="test_upload_missing_required_columns" time="0.044" /><testcase classname="tests.test_historical_trades.TestHistoricalTradesUpload" name="test_upload_invalid_file_format" time="0.036" /><testcase classname="tests.test_historical_trades.TestHistoricalTradesSuccessFlow" name="test_successful_upload_with_matching_amount" time="0.001"><failure message="TypeError: unsupported operand type(s) for *: 'NoneType' and 'int'">tests/test_historical_trades.py:347: in test_successful_upload_with_matching_amount
    expected_amount = face_value * units
                      ^^^^^^^^^^^^^^^^^^
E   TypeError: unsupported operand type(s) for *: 'NoneType' and 'int'</failure></testcase><testcase classname="tests.test_historical_trades.TestHistoricalTradesValidationSummary" name="test_validation_summary_present" time="0.043" /></testsuite></testsuites>