<?xml version="1.0" encoding="utf-8"?><testsuites name="pytest tests"><testsuite name="pytest" errors="0" failures="0" skipped="0" tests="9" time="1.242" timestamp="2026-01-17T07:38:03.661313+00:00" hostname="agent-env-f83df557-cc7a-4caa-877c-7786c2d8fd31"><testcase classname="tests.test_historical_trades.TestHistoricalTradesTemplate" name="test_download_template_success" time="0.600" /><testcase classname="tests.test_historical_trades.TestHistoricalTradesTemplate" name="test_download_template_unauthorized" time="0.035" /><testcase classname="tests.test_historical_trades.TestHistoricalTradesUpload" name="test_upload_with_nonexistent_bond" time="0.060" /><testcase classname="tests.test_historical_trades.TestHistoricalTradesUpload" name="test_upload_with_nonexistent_client" time="0.097" /><testcase classname="tests.test_historical_trades.TestHistoricalTradesUpload" name="test_upload_with_amount_mismatch" time="0.047" /><testcase classname="tests.test_historical_trades.TestHistoricalTradesUpload" name="test_upload_missing_required_columns" time="0.042" /><testcase classname="tests.test_historical_trades.TestHistoricalTradesUpload" name="test_upload_invalid_file_format" time="0.036" /><testcase classname="tests.test_historical_trades.TestHistoricalTradesSuccessFlow" name="test_successful_upload_with_matching_amount" time="0.051" /><testcase classname="tests.test_historical_trades.TestHistoricalTradesValidationSummary" name="test_validation_summary_present" time="0.044" /></testsuite></testsuites>