<?xml version="1.0" encoding="utf-8"?><testsuites name="pytest tests"><testsuite name="pytest" errors="0" failures="0" skipped="0" tests="16" time="28.742" timestamp="2026-01-25T10:33:06.454463+00:00" hostname="agent-env-744236fb-a64f-4598-ae77-6bed453d5442"><testcase classname="tests.test_holdings_features.TestAuthentication" name="test_login_step1_success" time="0.335" /><testcase classname="tests.test_holdings_features.TestAuthentication" name="test_login_step2_success" time="0.555" /><testcase classname="tests.test_holdings_features.TestHoldingsClients" name="test_get_holdings_clients" time="0.598" /><testcase classname="tests.test_holdings_features.TestEmailHoldingsReport" name="test_send_holdings_report_email_success" time="3.914" /><testcase classname="tests.test_holdings_features.TestEmailHoldingsReport" name="test_send_holdings_report_email_invalid_client" time="0.642" /><testcase classname="tests.test_holdings_features.TestEmailHoldingsReport" name="test_send_holdings_report_email_unauthorized" time="0.036" /><testcase classname="tests.test_holdings_features.TestEmailSync" name="test_email_sync_process" time="2.313" /><testcase classname="tests.test_holdings_features.TestEmailSync" name="test_email_sync_with_different_days_back" time="12.417" /><testcase classname="tests.test_holdings_features.TestEmailSync" name="test_email_sync_unauthorized" time="0.057" /><testcase classname="tests.test_holdings_features.TestEmailSync" name="test_email_connection_test" time="2.674" /><testcase classname="tests.test_holdings_features.TestHistoricalUpload" name="test_historical_trades_template_download" time="0.606" /><testcase classname="tests.test_holdings_features.TestHistoricalUpload" name="test_historical_trades_upload_empty_file" time="0.724" /><testcase classname="tests.test_holdings_features.TestHistoricalUpload" name="test_historical_trades_upload_unauthorized" time="0.035" /><testcase classname="tests.test_holdings_features.TestHoldingsData" name="test_get_client_holdings" time="0.631" /><testcase classname="tests.test_holdings_features.TestHoldingsData" name="test_get_client_holdings_invalid_client" time="0.602" /><testcase classname="tests.test_holdings_features.TestEmailPreview" name="test_email_preview" time="2.531" /></testsuite></testsuites>