<?xml version="1.0" encoding="utf-8"?><testsuites name="pytest tests"><testsuite name="pytest" errors="0" failures="0" skipped="0" tests="11" time="6.104" timestamp="2026-01-22T08:20:13.212070+00:00" hostname="agent-env-407eb8a5-9218-4b6b-a180-287795d4bcc5"><testcase classname="tests.test_holdings_profile_access.TestBrokerAccess" name="test_broker_login_success" time="0.562" /><testcase classname="tests.test_holdings_profile_access.TestBrokerAccess" name="test_broker_get_holdings_clients" time="0.548" /><testcase classname="tests.test_holdings_profile_access.TestBrokerAccess" name="test_broker_get_client_profile" time="0.524" /><testcase classname="tests.test_holdings_profile_access.TestSubBrokerAccess" name="test_subbroker_login_success" time="0.526" /><testcase classname="tests.test_holdings_profile_access.TestSubBrokerAccess" name="test_subbroker_get_holdings_clients" time="0.561" /><testcase classname="tests.test_holdings_profile_access.TestSubBrokerAccess" name="test_subbroker_get_linked_client_profile" time="0.586" /><testcase classname="tests.test_holdings_profile_access.TestClientAccess" name="test_client_login_success" time="0.525" /><testcase classname="tests.test_holdings_profile_access.TestClientAccess" name="test_client_get_holdings_clients" time="0.521" /><testcase classname="tests.test_holdings_profile_access.TestClientAccess" name="test_client_get_own_profile" time="0.530" /><testcase classname="tests.test_holdings_profile_access.TestClientAccess" name="test_client_cannot_access_other_client" time="0.567" /><testcase classname="tests.test_holdings_profile_access.TestProfileFieldsConsistency" name="test_profile_fields_same_for_all_roles" time="0.601" /></testsuite></testsuites>