<?xml version="1.0" encoding="utf-8"?><testsuites name="pytest tests"><testsuite name="pytest" errors="0" failures="0" skipped="0" tests="8" time="4.937" timestamp="2026-01-25T07:32:10.949620+00:00" hostname="agent-env-258a4760-2354-42c4-baa4-2fd3964070aa"><testcase classname="backend.tests.test_holdings_expected_cashflows.TestHoldingsExpectedCashflows" name="test_holdings_clients_list" time="0.687" /><testcase classname="backend.tests.test_holdings_expected_cashflows.TestHoldingsExpectedCashflows" name="test_holdings_has_expected_cashflows" time="0.597" /><testcase classname="backend.tests.test_holdings_expected_cashflows.TestHoldingsExpectedCashflows" name="test_holdings_has_actual_cashflows" time="0.601" /><testcase classname="backend.tests.test_holdings_expected_cashflows.TestHoldingsExpectedCashflows" name="test_expected_cashflow_values_trade_1" time="0.593" /><testcase classname="backend.tests.test_holdings_expected_cashflows.TestHoldingsExpectedCashflows" name="test_expected_cashflow_values_trade_2" time="0.591" /><testcase classname="backend.tests.test_holdings_expected_cashflows.TestHoldingsExpectedCashflows" name="test_expected_cashflow_values_trade_3" time="0.607" /><testcase classname="backend.tests.test_holdings_expected_cashflows.TestHoldingsExpectedCashflows" name="test_xirr_values" time="0.593" /><testcase classname="backend.tests.test_holdings_expected_cashflows.TestHoldingsExpectedCashflows" name="test_summary_totals" time="0.600" /></testsuite></testsuites>