<?xml version="1.0" encoding="utf-8"?><testsuites name="pytest tests"><testsuite name="pytest" errors="0" failures="1" skipped="0" tests="16" time="28.564" timestamp="2026-01-25T10:32:20.325408+00:00" hostname="agent-env-744236fb-a64f-4598-ae77-6bed453d5442"><testcase classname="tests.test_holdings_features.TestAuthentication" name="test_login_step1_success" time="0.369" /><testcase classname="tests.test_holdings_features.TestAuthentication" name="test_login_step2_success" time="0.584" /><testcase classname="tests.test_holdings_features.TestHoldingsClients" name="test_get_holdings_clients" time="0.624" /><testcase classname="tests.test_holdings_features.TestEmailHoldingsReport" name="test_send_holdings_report_email_success" time="3.819" /><testcase classname="tests.test_holdings_features.TestEmailHoldingsReport" name="test_send_holdings_report_email_invalid_client" time="0.612" /><testcase classname="tests.test_holdings_features.TestEmailHoldingsReport" name="test_send_holdings_report_email_unauthorized" time="0.034" /><testcase classname="tests.test_holdings_features.TestEmailSync" name="test_email_sync_process" time="2.319" /><testcase classname="tests.test_holdings_features.TestEmailSync" name="test_email_sync_with_different_days_back" time="12.463" /><testcase classname="tests.test_holdings_features.TestEmailSync" name="test_email_sync_unauthorized" time="0.052" /><testcase classname="tests.test_holdings_features.TestEmailSync" name="test_email_connection_test" time="2.547" /><testcase classname="tests.test_holdings_features.TestHistoricalUpload" name="test_historical_trades_template_download" time="0.609" /><testcase classname="tests.test_holdings_features.TestHistoricalUpload" name="test_historical_trades_upload_empty_file" time="0.828"><failure message="assert 200 in [400, 422, 500]&#10; +  where 200 = &lt;Response [200]&gt;.status_code">tests/test_holdings_features.py:215: in test_historical_trades_upload_empty_file
    assert response.status_code in [400, 422, 500]
E   assert 200 in [400, 422, 500]
E    +  where 200 = &lt;Response [200]&gt;.status_code</failure></testcase><testcase classname="tests.test_holdings_features.TestHistoricalUpload" name="test_historical_trades_upload_unauthorized" time="0.040" /><testcase classname="tests.test_holdings_features.TestHoldingsData" name="test_get_client_holdings" time="0.615" /><testcase classname="tests.test_holdings_features.TestHoldingsData" name="test_get_client_holdings_invalid_client" time="0.614" /><testcase classname="tests.test_holdings_features.TestEmailPreview" name="test_email_preview" time="2.334" /></testsuite></testsuites>