<?xml version="1.0" encoding="utf-8"?><testsuites name="pytest tests"><testsuite name="pytest" errors="0" failures="0" skipped="0" tests="6" time="1.575" timestamp="2026-09-16T09:21:58.825324+00:00" hostname="agent-env-1f22e7ff-7241-459e-aa24-fad2601fe565"><testcase classname="backend.tests.test_income_excel_terminology" name="test_login" time="0.775" /><testcase classname="backend.tests.test_income_excel_terminology" name="test_family_exists" time="0.182" /><testcase classname="backend.tests.test_income_excel_terminology" name="test_income_categories_present" time="0.138" /><testcase classname="backend.tests.test_income_excel_terminology" name="test_ppf_epf_gratuity_fields[ppf]" time="0.161" /><testcase classname="backend.tests.test_income_excel_terminology" name="test_ppf_epf_gratuity_fields[epf]" time="0.133" /><testcase classname="backend.tests.test_income_excel_terminology" name="test_ppf_epf_gratuity_fields[gratuity]" time="0.133" /></testsuite></testsuites>