<?xml version="1.0" encoding="utf-8"?><testsuites name="pytest tests"><testsuite name="pytest" errors="0" failures="0" skipped="0" tests="11" time="7.446" timestamp="2026-02-05T07:08:36.845754+00:00" hostname="agent-env-08bd33fd-e67b-4280-8344-edbe68cd9599"><testcase classname="backend.tests.test_income_section_redesign.TestIncomeSectionRedesign" name="test_two_step_login" time="0.608" /><testcase classname="backend.tests.test_income_section_redesign.TestIncomeSectionRedesign" name="test_add_income_entry_with_member_dropdown" time="0.630" /><testcase classname="backend.tests.test_income_section_redesign.TestIncomeSectionRedesign" name="test_add_multiple_fd_entries_same_person" time="0.698" /><testcase classname="backend.tests.test_income_section_redesign.TestIncomeSectionRedesign" name="test_add_income_entries_different_categories" time="0.840" /><testcase classname="backend.tests.test_income_section_redesign.TestIncomeSectionRedesign" name="test_update_income_entry" time="0.726" /><testcase classname="backend.tests.test_income_section_redesign.TestIncomeSectionRedesign" name="test_delete_income_entry" time="0.723" /><testcase classname="backend.tests.test_income_section_redesign.TestIncomeSectionRedesign" name="test_income_entry_has_required_fields" time="0.656" /><testcase classname="backend.tests.test_income_section_redesign.TestIncomeSectionRedesign" name="test_assign_income_to_spouse_member" time="0.671" /><testcase classname="backend.tests.test_income_section_redesign.TestTaxStatusConditionalLogic" name="test_create_family_with_foreign_passport_member" time="0.619" /><testcase classname="backend.tests.test_income_section_redesign.TestTaxStatusConditionalLogic" name="test_create_family_with_nri_foreign_passport" time="0.618" /><testcase classname="backend.tests.test_income_section_redesign.TestTaxStatusConditionalLogic" name="test_resident_has_normal_tax_options" time="0.586" /></testsuite></testsuites>