<?xml version="1.0" encoding="utf-8"?><testsuites name="pytest tests"><testsuite name="pytest" errors="0" failures="0" skipped="0" tests="16" time="3.582" timestamp="2026-01-28T11:45:14.725437+00:00" hostname="agent-env-23a9b312-7bef-4acf-adfd-e0a5fd196a7b"><testcase classname="backend.tests.test_iteration30_bug_fixes.TestBrokerAuthentication" name="test_broker_login_success" time="0.640" /><testcase classname="backend.tests.test_iteration30_bug_fixes.TestHoldingsClientsSorting" name="test_holdings_clients_endpoint_returns_200" time="0.612" /><testcase classname="backend.tests.test_iteration30_bug_fixes.TestHoldingsClientsSorting" name="test_holdings_clients_sorted_by_investment_desc" time="0.054" /><testcase classname="backend.tests.test_iteration30_bug_fixes.TestHoldingsClientsSorting" name="test_holdings_clients_response_structure" time="0.060" /><testcase classname="backend.tests.test_iteration30_bug_fixes.TestForgotPasswordAPI" name="test_forgot_password_endpoint_exists" time="0.038" /><testcase classname="backend.tests.test_iteration30_bug_fixes.TestForgotPasswordAPI" name="test_forgot_password_for_broker" time="0.043" /><testcase classname="backend.tests.test_iteration30_bug_fixes.TestForgotPasswordAPI" name="test_forgot_password_response_security" time="0.080" /><testcase classname="backend.tests.test_iteration30_bug_fixes.TestActivityLogsAPI" name="test_activity_logs_broker_access" time="0.592" /><testcase classname="backend.tests.test_iteration30_bug_fixes.TestActivityLogsAPI" name="test_activity_logs_pagination" time="0.042" /><testcase classname="backend.tests.test_iteration30_bug_fixes.TestActivityLogsAPI" name="test_activity_logs_filtering" time="0.041" /><testcase classname="backend.tests.test_iteration30_bug_fixes.TestActivityLogsClientAccess" name="test_get_client_credentials" time="0.599" /><testcase classname="backend.tests.test_iteration30_bug_fixes.TestActivityLogsClientAccess" name="test_activity_logs_client_403" time="0.046" /><testcase classname="backend.tests.test_iteration30_bug_fixes.TestSubBrokerActivityLogsAccess" name="test_get_sub_broker_info" time="0.593" /><testcase classname="backend.tests.test_iteration30_bug_fixes.TestSubBrokerActivityLogsAccess" name="test_activity_logs_sub_broker_filter_logic" time="0.000" /><testcase classname="backend.tests.test_iteration30_bug_fixes.TestResetPasswordAPI" name="test_verify_reset_token_endpoint_exists" time="0.036" /><testcase classname="backend.tests.test_iteration30_bug_fixes.TestResetPasswordAPI" name="test_reset_password_endpoint_validation" time="0.034" /></testsuite></testsuites>