<?xml version="1.0" encoding="utf-8"?><testsuites name="pytest tests"><testsuite name="pytest" errors="0" failures="0" skipped="0" tests="7" time="2.917" timestamp="2026-09-08T17:38:47.232673+00:00" hostname="agent-env-1f22e7ff-7241-459e-aa24-fad2601fe565"><testcase classname="backend.tests.test_mfd_family_creation.TestMFDFamilyCreation" name="test_mfd_login_returns_user_info" time="1.012" /><testcase classname="backend.tests.test_mfd_family_creation.TestMFDFamilyCreation" name="test_create_family_sets_created_by_and_sub_broker_id" time="0.206" /><testcase classname="backend.tests.test_mfd_family_creation.TestMFDFamilyCreation" name="test_mfd_can_list_created_family" time="0.085" /><testcase classname="backend.tests.test_mfd_family_creation.TestMFDFamilyCreation" name="test_mfd_can_get_family_details" time="0.076" /><testcase classname="backend.tests.test_mfd_family_creation.TestMFDFamilyCreation" name="test_mfd_can_update_own_family" time="0.160" /><testcase classname="backend.tests.test_mfd_family_creation.TestMFDFamilyCreation" name="test_family_visible_by_created_by_when_sub_broker_id_null" time="0.314" /><testcase classname="backend.tests.test_mfd_family_creation.TestOtherMFDCannotAccess" name="test_other_mfd_cannot_view" time="1.001" /></testsuite></testsuites>