<?xml version="1.0" encoding="utf-8"?><testsuites name="pytest tests"><testsuite name="pytest" errors="0" failures="1" skipped="0" tests="4" time="3.696" timestamp="2026-09-10T06:18:53.937447+00:00" hostname="agent-env-1f22e7ff-7241-459e-aa24-fad2601fe565"><testcase classname="backend.tests.test_life_expectancy_null" name="test_family_exists" time="1.410" /><testcase classname="backend.tests.test_life_expectancy_null" name="test_update_member_with_null_life_expectancy" time="0.611" /><testcase classname="backend.tests.test_life_expectancy_null" name="test_update_member_with_integer_life_expectancy" time="0.394" /><testcase classname="backend.tests.test_life_expectancy_family_update" name="test_family_put_persists_null_life_expectancy_for_non_primary" time="1.174"><failure message="AssertionError: Expected null for non-primary member Smeeta Pradeep Prabhu, got 90&#10;assert 90 is None&#10; +  where 90 = &lt;built-in method get of dict object at 0xfcbd8ecb9700&gt;('life_expectancy')&#10; +    where &lt;built-in method get of dict object at 0xfcbd8ecb9700&gt; = {'date_of_birth': '1979-10-03', 'id': '6346740a-c6b6-4e13-8851-57e3c84fad93', 'is_primary': False, 'life_expectancy': 90, ...}.get">backend/tests/test_life_expectancy_family_update.py:96: in test_family_put_persists_null_life_expectancy_for_non_primary
    assert m.get("life_expectancy") is None, (
E   AssertionError: Expected null for non-primary member Smeeta Pradeep Prabhu, got 90
E   assert 90 is None
E    +  where 90 = &lt;built-in method get of dict object at 0xfcbd8ecb9700&gt;('life_expectancy')
E    +    where &lt;built-in method get of dict object at 0xfcbd8ecb9700&gt; = {'date_of_birth': '1979-10-03', 'id': '6346740a-c6b6-4e13-8851-57e3c84fad93', 'is_primary': False, 'life_expectancy': 90, ...}.get</failure></testcase></testsuite></testsuites>