<?xml version="1.0" encoding="utf-8"?><testsuites name="pytest tests"><testsuite name="pytest" errors="0" failures="0" skipped="0" tests="3" time="1.924" timestamp="2026-09-10T05:56:07.541298+00:00" hostname="agent-env-1f22e7ff-7241-459e-aa24-fad2601fe565"><testcase classname="backend.tests.test_life_expectancy_null" name="test_family_exists" time="0.887" /><testcase classname="backend.tests.test_life_expectancy_null" name="test_update_member_with_null_life_expectancy" time="0.531" /><testcase classname="backend.tests.test_life_expectancy_null" name="test_update_member_with_integer_life_expectancy" time="0.458" /></testsuite></testsuites>