<?xml version="1.0" encoding="utf-8"?><testsuites name="pytest tests"><testsuite name="pytest" errors="0" failures="0" skipped="1" tests="14" time="5.556" timestamp="2026-01-17T12:29:06.273011+00:00" hostname="agent-env-ea95aff2-4c5e-4f06-9810-559f7903da6d"><testcase classname="tests.test_multiple_ucc.TestCreateClientWithMultipleUCCs" name="test_create_client_with_single_ucc" time="1.090" /><testcase classname="tests.test_multiple_ucc.TestCreateClientWithMultipleUCCs" name="test_create_client_with_multiple_uccs" time="0.521" /><testcase classname="tests.test_multiple_ucc.TestCreateClientWithMultipleUCCs" name="test_create_client_with_max_5_uccs" time="0.539" /><testcase classname="tests.test_multiple_ucc.TestCreateClientWithMultipleUCCs" name="test_create_client_with_empty_ucc_list_fails" time="0.034" /><testcase classname="tests.test_multiple_ucc.TestCreateClientWithMultipleUCCs" name="test_create_client_with_more_than_5_uccs_fails" time="0.042" /><testcase classname="tests.test_multiple_ucc.TestCreateClientWithMultipleUCCs" name="test_create_client_with_duplicate_uccs_fails" time="0.044" /><testcase classname="tests.test_multiple_ucc.TestCreateClientWithMultipleUCCs" name="test_create_client_with_existing_ucc_fails" time="0.594" /><testcase classname="tests.test_multiple_ucc.TestUpdateClientWithMultipleUCCs" name="test_update_client_add_more_uccs" time="0.559" /><testcase classname="tests.test_multiple_ucc.TestUpdateClientWithMultipleUCCs" name="test_update_client_with_duplicate_ucc_fails" time="0.566" /><testcase classname="tests.test_multiple_ucc.TestUpdateClientWithMultipleUCCs" name="test_update_client_with_existing_ucc_fails" time="1.138" /><testcase classname="tests.test_multiple_ucc.TestReinvestmentWithUCC" name="test_get_upcoming_reinvestments_has_client_ucc_list" time="0.081" /><testcase classname="tests.test_multiple_ucc.TestReinvestmentWithUCC" name="test_tag_reinvestment_with_target_ucc" time="0.069"><skipped type="pytest.skip" message="No cashflows with UCCs found to test">/app/tests/test_multiple_ucc.py:369: No cashflows with UCCs found to test</skipped></testcase><testcase classname="tests.test_multiple_ucc.TestReinvestmentWithUCC" name="test_tag_reinvestment_with_invalid_ucc_fails" time="0.115" /><testcase classname="tests.test_multiple_ucc.TestBulkUploadWithMultipleUCCs" name="test_bulk_upload_template_has_ucc_columns" time="0.064" /></testsuite></testsuites>