<?xml version="1.0" encoding="utf-8"?><testsuites name="pytest tests"><testsuite name="pytest" errors="0" failures="0" skipped="0" tests="7" time="1.709" timestamp="2026-02-05T04:28:38.995859+00:00" hostname="agent-env-32682f42-2a57-40d7-b521-27138815977c"><testcase classname="backend.tests.test_prepayment_reinvestment.TestPrepaymentReinvestment" name="test_reinvestment_upcoming_endpoint_accessible" time="0.668" /><testcase classname="backend.tests.test_prepayment_reinvestment.TestPrepaymentReinvestment" name="test_response_structure_contains_required_fields" time="0.057" /><testcase classname="backend.tests.test_prepayment_reinvestment.TestPrepaymentReinvestment" name="test_prepayment_entries_in_response" time="0.056" /><testcase classname="backend.tests.test_prepayment_reinvestment.TestPrepaymentReinvestment" name="test_prepayment_shows_principal_only" time="0.058" /><testcase classname="backend.tests.test_prepayment_reinvestment.TestPrepaymentReinvestment" name="test_tag_prepayment_entry" time="0.064" /><testcase classname="backend.tests.test_prepayment_reinvestment.TestPrepaymentReinvestment" name="test_regular_cashflow_tag" time="0.111" /><testcase classname="backend.tests.test_prepayment_reinvestment.TestPrepaymentResponseFields" name="test_prepayment_entry_has_correct_fields" time="0.641" /></testsuite></testsuites>