<?xml version="1.0" encoding="utf-8"?><testsuites name="pytest tests"><testsuite name="pytest" errors="0" failures="0" skipped="0" tests="6" time="3.974" timestamp="2026-02-05T05:45:33.890773+00:00" hostname="agent-env-51a96cb2-7527-4aac-b04e-fdc9c99d52e6"><testcase classname="backend.tests.test_primary_member_edit.TestPrimaryMemberEditAutoUpdatesFamilyName" name="test_primary_member_name_change_updates_family_name" time="0.699" /><testcase classname="backend.tests.test_primary_member_edit.TestPrimaryMemberEditAutoUpdatesFamilyName" name="test_non_primary_member_name_change_does_not_update_family_name" time="0.665" /><testcase classname="backend.tests.test_primary_member_edit.TestPrimaryMemberEditAutoUpdatesFamilyName" name="test_primary_member_update_without_name_change" time="0.660" /><testcase classname="backend.tests.test_primary_member_edit.TestPrimaryMemberEditAutoUpdatesFamilyName" name="test_existing_family_primary_member_edit" time="0.581" /><testcase classname="backend.tests.test_primary_member_edit.TestMemberCRUDOperations" name="test_add_member_to_family" time="0.656" /><testcase classname="backend.tests.test_primary_member_edit.TestMemberCRUDOperations" name="test_delete_non_primary_member" time="0.649" /></testsuite></testsuites>