<?xml version="1.0" encoding="utf-8"?><testsuites name="pytest tests"><testsuite name="pytest" errors="0" failures="0" skipped="0" tests="25" time="13.961" timestamp="2026-01-12T16:56:44.523294+00:00" hostname="agent-env-f302bcf2-8b95-44c6-93e2-2fd2c23540df"><testcase classname="tests.test_ncd_cashflow.TestHealthCheck" name="test_api_root" time="0.080" /><testcase classname="tests.test_ncd_cashflow.TestBrokerAuthentication" name="test_login_step1_valid_credentials" time="0.275" /><testcase classname="tests.test_ncd_cashflow.TestBrokerAuthentication" name="test_login_step1_invalid_pan" time="0.041" /><testcase classname="tests.test_ncd_cashflow.TestBrokerAuthentication" name="test_login_step1_invalid_password" time="0.260" /><testcase classname="tests.test_ncd_cashflow.TestBrokerAuthentication" name="test_login_step2_valid_pin" time="0.532" /><testcase classname="tests.test_ncd_cashflow.TestBrokerAuthentication" name="test_login_step2_invalid_pin" time="0.521" /><testcase classname="tests.test_ncd_cashflow.TestSubBrokerAuthentication" name="test_subbroker_full_login" time="0.522" /><testcase classname="tests.test_ncd_cashflow.TestBondManagement" name="test_create_bond" time="0.572" /><testcase classname="tests.test_ncd_cashflow.TestBondManagement" name="test_get_bonds_as_broker" time="0.563" /><testcase classname="tests.test_ncd_cashflow.TestBondManagement" name="test_get_bonds_as_subbroker" time="0.562" /><testcase classname="tests.test_ncd_cashflow.TestBondManagement" name="test_get_bond_details" time="0.598" /><testcase classname="tests.test_ncd_cashflow.TestBondManagement" name="test_delete_bond_as_broker" time="0.611" /><testcase classname="tests.test_ncd_cashflow.TestBondManagement" name="test_delete_bond_as_subbroker_forbidden" time="1.191" /><testcase classname="tests.test_ncd_cashflow.TestSecondaryMarketCalculator" name="test_calculate_secondary_price" time="0.599" /><testcase classname="tests.test_ncd_cashflow.TestSecondaryMarketCalculator" name="test_download_cashflow" time="0.673" /><testcase classname="tests.test_ncd_cashflow.TestPartnerManagement" name="test_get_partners_as_broker" time="0.553" /><testcase classname="tests.test_ncd_cashflow.TestPartnerManagement" name="test_get_partners_as_subbroker_forbidden" time="0.612" /><testcase classname="tests.test_ncd_cashflow.TestPartnerManagement" name="test_create_partner" time="1.037" /><testcase classname="tests.test_ncd_cashflow.TestPartnerManagement" name="test_delete_partner" time="1.071" /><testcase classname="tests.test_ncd_cashflow.TestPartnerManagement" name="test_create_partner_as_subbroker_forbidden" time="0.559" /><testcase classname="tests.test_ncd_cashflow.TestRoleBasedAccess" name="test_broker_can_access_bonds" time="0.599" /><testcase classname="tests.test_ncd_cashflow.TestRoleBasedAccess" name="test_subbroker_can_access_bonds" time="0.557" /><testcase classname="tests.test_ncd_cashflow.TestRoleBasedAccess" name="test_broker_can_access_partners" time="0.558" /><testcase classname="tests.test_ncd_cashflow.TestRoleBasedAccess" name="test_subbroker_cannot_access_partners" time="0.600" /><testcase classname="tests.test_ncd_cashflow.TestRoleBasedAccess" name="test_unauthenticated_cannot_access_bonds" time="0.035" /></testsuite></testsuites>