<?xml version="1.0" encoding="utf-8"?><testsuites name="pytest tests"><testsuite name="pytest" errors="0" failures="1" skipped="13" tests="15" time="15.215" timestamp="2026-01-28T06:32:29.156230+00:00" hostname="agent-env-c502823c-3a22-465b-8d00-c4a6bdfd9523"><testcase classname="backend.tests.test_reinvestment_split_allocation.TestReinvestmentSplitAllocation" name="test_broker_authentication" time="0.607" /><testcase classname="backend.tests.test_reinvestment_split_allocation.TestReinvestmentSplitAllocation" name="test_get_upcoming_reinvestments" time="1.066"><failure message="AssertionError: Response should contain untagged entries&#10;assert ('untagged_past' in {'by_client': [{'approved_count': 1, 'client_email': 'faliunwalla@gmail.com', 'client_id': '533c8e31-79d6-4373-95d1-eeba64bfda93', 'client_name': 'Fali Adi Unwalla', ...}, {'approved_count': 0, 'client_email': 'ednabrunosouza@gmail.com', 'client_id': 'a7bfda77-8fb6-4c6f-b2c8-a0991058909c', 'client_name': 'Edna Miranda Souza', ...}, {'approved_count': 0, 'client_email': 'denoronhaisabel@gmail.com', 'client_id': 'ca4d716f-827e-4fb2-b9c1-340f16428c18', 'client_name': 'Isabel Maria Fatima Da Piedade De Noronha', ...}, {'approved_count': 0, 'client_email': 'mdinv14@gmail.com', 'client_id': '7a0fb3a7-04c2-4db2-ae06-bc0c36c3cfaa', 'client_name': 'Mayuresh Chandranath Dhume', ...}, {'approved_count': 0, 'client_email': 'mohankhatav@gmail.com', 'client_id': '59f00690-7e5c-4790-98fa-205c5b7067bc', 'client_name': 'Mohan Mangesh Khatav', ...}, {'approved_count': 0, 'client_email': 'chris6515@hotmail.com', 'client_id': 'd5f1e702-7534-4203-937f-a7c286161535', 'client_name': 'Valentino George Francisco Cristovam Da Cunha', ...}, ...], 'months': [{'count': 1, 'items': [{'amendment_reason': '', 'amount_invested': 20198720.0, 'approval_status': 'approved', 'bond_code': 'CDUCIC01', ...}], 'name': '...nd_code': 'CDHBP001', ...}, {'amendment_reason': '', 'amount_invested': 6407948.0, 'approval_status': 'not_sent', 'bond_code': 'CDHBP001', ...}, {'amendment_reason': '', 'amount_invested': 15042010.0, 'approval_status': 'not_sent', 'bond_code': 'CDHBP001', ...}, {'amendment_reason': '', 'amount_invested': 2068580.0, 'approval_status': 'not_sent', 'bond_code': 'CDHBP001', ...}, ...], 'name': 'September 2025'}, {'count': 25, 'items': [{'amendment_reason': '', 'amount_invested': 4956833.0, 'approval_status': 'not_sent', 'bond_code': 'CDNRE001', ...}, {'amendment_reason': '', 'amount_invested': 3916923.0, 'approval_status': 'not_sent', 'bond_code': 'CDNRE001', ...}, {'amendment_reason': '', 'amount_invested': 15586328.0, 'approval_status': 'not_sent', 'bond_code': 'CDNRE001', ...}, {'amendment_reason': '', 'amount_invested': 3573530.0, 'approval_status': 'not_sent', 'bond_code': 'CDNRE001', ...}, {'amendment_reason': '', 'amount_invested': 3001811.0, 'approval_status': 'not_sent', 'bond_code': 'CDNRE001', ...}, {'amendment_reason': '', 'amount_invested': 4956833.0, 'approval_status': 'not_sent', 'bond_code': 'CDNRE001', ...}, ...], 'name': 'October 2025'}, ...], 'total_upcoming': 521} or 'untagged_upcoming' in {'by_client': [{'approved_count': 1, 'client_email': 'faliunwalla@gmail.com', 'client_id': '533c8e31-79d6-4373-95d1-eeba64bfda93', 'client_name': 'Fali Adi Unwalla', ...}, {'approved_count': 0, 'client_email': 'ednabrunosouza@gmail.com', 'client_id': 'a7bfda77-8fb6-4c6f-b2c8-a0991058909c', 'client_name': 'Edna Miranda Souza', ...}, {'approved_count': 0, 'client_email': 'denoronhaisabel@gmail.com', 'client_id': 'ca4d716f-827e-4fb2-b9c1-340f16428c18', 'client_name': 'Isabel Maria Fatima Da Piedade De Noronha', ...}, {'approved_count': 0, 'client_email': 'mdinv14@gmail.com', 'client_id': '7a0fb3a7-04c2-4db2-ae06-bc0c36c3cfaa', 'client_name': 'Mayuresh Chandranath Dhume', ...}, {'approved_count': 0, 'client_email': 'mohankhatav@gmail.com', 'client_id': '59f00690-7e5c-4790-98fa-205c5b7067bc', 'client_name': 'Mohan Mangesh Khatav', ...}, {'approved_count': 0, 'client_email': 'chris6515@hotmail.com', 'client_id': 'd5f1e702-7534-4203-937f-a7c286161535', 'client_name': 'Valentino George Francisco Cristovam Da Cunha', ...}, ...], 'months': [{'count': 1, 'items': [{'amendment_reason': '', 'amount_invested': 20198720.0, 'approval_status': 'approved', 'bond_code': 'CDUCIC01', ...}], 'name': '...nd_code': 'CDHBP001', ...}, {'amendment_reason': '', 'amount_invested': 6407948.0, 'approval_status': 'not_sent', 'bond_code': 'CDHBP001', ...}, {'amendment_reason': '', 'amount_invested': 15042010.0, 'approval_status': 'not_sent', 'bond_code': 'CDHBP001', ...}, {'amendment_reason': '', 'amount_invested': 2068580.0, 'approval_status': 'not_sent', 'bond_code': 'CDHBP001', ...}, ...], 'name': 'September 2025'}, {'count': 25, 'items': [{'amendment_reason': '', 'amount_invested': 4956833.0, 'approval_status': 'not_sent', 'bond_code': 'CDNRE001', ...}, {'amendment_reason': '', 'amount_invested': 3916923.0, 'approval_status': 'not_sent', 'bond_code': 'CDNRE001', ...}, {'amendment_reason': '', 'amount_invested': 15586328.0, 'approval_status': 'not_sent', 'bond_code': 'CDNRE001', ...}, {'amendment_reason': '', 'amount_invested': 3573530.0, 'approval_status': 'not_sent', 'bond_code': 'CDNRE001', ...}, {'amendment_reason': '', 'amount_invested': 3001811.0, 'approval_status': 'not_sent', 'bond_code': 'CDNRE001', ...}, {'amendment_reason': '', 'amount_invested': 4956833.0, 'approval_status': 'not_sent', 'bond_code': 'CDNRE001', ...}, ...], 'name': 'October 2025'}, ...], 'total_upcoming': 521})">backend/tests/test_reinvestment_split_allocation.py:96: in test_get_upcoming_reinvestments
    assert "untagged_past" in data or "untagged_upcoming" in data, "Response should contain untagged entries"
E   AssertionError: Response should contain untagged entries
E   assert ('untagged_past' in {'by_client': [{'approved_count': 1, 'client_email': 'faliunwalla@gmail.com', 'client_id': '533c8e31-79d6-4373-95d1-eeba64bfda93', 'client_name': 'Fali Adi Unwalla', ...}, {'approved_count': 0, 'client_email': 'ednabrunosouza@gmail.com', 'client_id': 'a7bfda77-8fb6-4c6f-b2c8-a0991058909c', 'client_name': 'Edna Miranda Souza', ...}, {'approved_count': 0, 'client_email': 'denoronhaisabel@gmail.com', 'client_id': 'ca4d716f-827e-4fb2-b9c1-340f16428c18', 'client_name': 'Isabel Maria Fatima Da Piedade De Noronha', ...}, {'approved_count': 0, 'client_email': 'mdinv14@gmail.com', 'client_id': '7a0fb3a7-04c2-4db2-ae06-bc0c36c3cfaa', 'client_name': 'Mayuresh Chandranath Dhume', ...}, {'approved_count': 0, 'client_email': 'mohankhatav@gmail.com', 'client_id': '59f00690-7e5c-4790-98fa-205c5b7067bc', 'client_name': 'Mohan Mangesh Khatav', ...}, {'approved_count': 0, 'client_email': 'chris6515@hotmail.com', 'client_id': 'd5f1e702-7534-4203-937f-a7c286161535', 'client_name': 'Valentino George Francisco Cristovam Da Cunha', ...}, ...], 'months': [{'count': 1, 'items': [{'amendment_reason': '', 'amount_invested': 20198720.0, 'approval_status': 'approved', 'bond_code': 'CDUCIC01', ...}], 'name': '...nd_code': 'CDHBP001', ...}, {'amendment_reason': '', 'amount_invested': 6407948.0, 'approval_status': 'not_sent', 'bond_code': 'CDHBP001', ...}, {'amendment_reason': '', 'amount_invested': 15042010.0, 'approval_status': 'not_sent', 'bond_code': 'CDHBP001', ...}, {'amendment_reason': '', 'amount_invested': 2068580.0, 'approval_status': 'not_sent', 'bond_code': 'CDHBP001', ...}, ...], 'name': 'September 2025'}, {'count': 25, 'items': [{'amendment_reason': '', 'amount_invested': 4956833.0, 'approval_status': 'not_sent', 'bond_code': 'CDNRE001', ...}, {'amendment_reason': '', 'amount_invested': 3916923.0, 'approval_status': 'not_sent', 'bond_code': 'CDNRE001', ...}, {'amendment_reason': '', 'amount_invested': 15586328.0, 'approval_status': 'not_sent', 'bond_code': 'CDNRE001', ...}, {'amendment_reason': '', 'amount_invested': 3573530.0, 'approval_status': 'not_sent', 'bond_code': 'CDNRE001', ...}, {'amendment_reason': '', 'amount_invested': 3001811.0, 'approval_status': 'not_sent', 'bond_code': 'CDNRE001', ...}, {'amendment_reason': '', 'amount_invested': 4956833.0, 'approval_status': 'not_sent', 'bond_code': 'CDNRE001', ...}, ...], 'name': 'October 2025'}, ...], 'total_upcoming': 521} or 'untagged_upcoming' in {'by_client': [{'approved_count': 1, 'client_email': 'faliunwalla@gmail.com', 'client_id': '533c8e31-79d6-4373-95d1-eeba64bfda93', 'client_name': 'Fali Adi Unwalla', ...}, {'approved_count': 0, 'client_email': 'ednabrunosouza@gmail.com', 'client_id': 'a7bfda77-8fb6-4c6f-b2c8-a0991058909c', 'client_name': 'Edna Miranda Souza', ...}, {'approved_count': 0, 'client_email': 'denoronhaisabel@gmail.com', 'client_id': 'ca4d716f-827e-4fb2-b9c1-340f16428c18', 'client_name': 'Isabel Maria Fatima Da Piedade De Noronha', ...}, {'approved_count': 0, 'client_email': 'mdinv14@gmail.com', 'client_id': '7a0fb3a7-04c2-4db2-ae06-bc0c36c3cfaa', 'client_name': 'Mayuresh Chandranath Dhume', ...}, {'approved_count': 0, 'client_email': 'mohankhatav@gmail.com', 'client_id': '59f00690-7e5c-4790-98fa-205c5b7067bc', 'client_name': 'Mohan Mangesh Khatav', ...}, {'approved_count': 0, 'client_email': 'chris6515@hotmail.com', 'client_id': 'd5f1e702-7534-4203-937f-a7c286161535', 'client_name': 'Valentino George Francisco Cristovam Da Cunha', ...}, ...], 'months': [{'count': 1, 'items': [{'amendment_reason': '', 'amount_invested': 20198720.0, 'approval_status': 'approved', 'bond_code': 'CDUCIC01', ...}], 'name': '...nd_code': 'CDHBP001', ...}, {'amendment_reason': '', 'amount_invested': 6407948.0, 'approval_status': 'not_sent', 'bond_code': 'CDHBP001', ...}, {'amendment_reason': '', 'amount_invested': 15042010.0, 'approval_status': 'not_sent', 'bond_code': 'CDHBP001', ...}, {'amendment_reason': '', 'amount_invested': 2068580.0, 'approval_status': 'not_sent', 'bond_code': 'CDHBP001', ...}, ...], 'name': 'September 2025'}, {'count': 25, 'items': [{'amendment_reason': '', 'amount_invested': 4956833.0, 'approval_status': 'not_sent', 'bond_code': 'CDNRE001', ...}, {'amendment_reason': '', 'amount_invested': 3916923.0, 'approval_status': 'not_sent', 'bond_code': 'CDNRE001', ...}, {'amendment_reason': '', 'amount_invested': 15586328.0, 'approval_status': 'not_sent', 'bond_code': 'CDNRE001', ...}, {'amendment_reason': '', 'amount_invested': 3573530.0, 'approval_status': 'not_sent', 'bond_code': 'CDNRE001', ...}, {'amendment_reason': '', 'amount_invested': 3001811.0, 'approval_status': 'not_sent', 'bond_code': 'CDNRE001', ...}, {'amendment_reason': '', 'amount_invested': 4956833.0, 'approval_status': 'not_sent', 'bond_code': 'CDNRE001', ...}, ...], 'name': 'October 2025'}, ...], 'total_upcoming': 521})</failure></testcase><testcase classname="backend.tests.test_reinvestment_split_allocation.TestReinvestmentSplitAllocation" name="test_tag_with_single_allocation" time="1.084"><skipped type="pytest.skip" message="No test cashflow available">/app/backend/tests/test_reinvestment_split_allocation.py:103: No test cashflow available</skipped></testcase><testcase classname="backend.tests.test_reinvestment_split_allocation.TestReinvestmentSplitAllocation" name="test_tag_with_split_allocations" time="1.045"><skipped type="pytest.skip" message="No test cashflow available">/app/backend/tests/test_reinvestment_split_allocation.py:127: No test cashflow available</skipped></testcase><testcase classname="backend.tests.test_reinvestment_split_allocation.TestReinvestmentSplitAllocation" name="test_bonds_portfolio_requires_10_lakhs" time="1.017"><skipped type="pytest.skip" message="No test cashflow available">/app/backend/tests/test_reinvestment_split_allocation.py:169: No test cashflow available</skipped></testcase><testcase classname="backend.tests.test_reinvestment_split_allocation.TestReinvestmentSplitAllocation" name="test_bonds_portfolio_accepts_10_lakhs_plus" time="1.049"><skipped type="pytest.skip" message="No test cashflow available">/app/backend/tests/test_reinvestment_split_allocation.py:200: No test cashflow available</skipped></testcase><testcase classname="backend.tests.test_reinvestment_split_allocation.TestReinvestmentSplitAllocation" name="test_real_estate_portfolio_requires_25_lakhs" time="1.038"><skipped type="pytest.skip" message="No test cashflow available">/app/backend/tests/test_reinvestment_split_allocation.py:229: No test cashflow available</skipped></testcase><testcase classname="backend.tests.test_reinvestment_split_allocation.TestReinvestmentSplitAllocation" name="test_real_estate_portfolio_accepts_25_lakhs_plus" time="1.020"><skipped type="pytest.skip" message="No test cashflow available">/app/backend/tests/test_reinvestment_split_allocation.py:260: No test cashflow available</skipped></testcase><testcase classname="backend.tests.test_reinvestment_split_allocation.TestReinvestmentSplitAllocation" name="test_amount_less_than_1000_requires_none_portfolio" time="0.996"><skipped type="pytest.skip" message="No test cashflow available">/app/backend/tests/test_reinvestment_split_allocation.py:289: No test cashflow available</skipped></testcase><testcase classname="backend.tests.test_reinvestment_split_allocation.TestReinvestmentSplitAllocation" name="test_amount_less_than_1000_accepts_none_portfolio" time="0.965"><skipped type="pytest.skip" message="No test cashflow available">/app/backend/tests/test_reinvestment_split_allocation.py:320: No test cashflow available</skipped></testcase><testcase classname="backend.tests.test_reinvestment_split_allocation.TestReinvestmentSplitAllocation" name="test_split_allocations_saved_to_database" time="1.008"><skipped type="pytest.skip" message="No test cashflow available">/app/backend/tests/test_reinvestment_split_allocation.py:351: No test cashflow available</skipped></testcase><testcase classname="backend.tests.test_reinvestment_split_allocation.TestReinvestmentSplitAllocation" name="test_split_allocation_response_contains_required_fields" time="1.154"><skipped type="pytest.skip" message="No test cashflow available">/app/backend/tests/test_reinvestment_split_allocation.py:403: No test cashflow available</skipped></testcase><testcase classname="backend.tests.test_reinvestment_split_allocation.TestReinvestmentSplitAllocation" name="test_invalid_ucc_rejected" time="1.033"><skipped type="pytest.skip" message="No test cashflow available">/app/backend/tests/test_reinvestment_split_allocation.py:450: No test cashflow available</skipped></testcase><testcase classname="backend.tests.test_reinvestment_split_allocation.TestReinvestmentSplitAllocation" name="test_zero_amount_rejected" time="1.016"><skipped type="pytest.skip" message="No test cashflow available">/app/backend/tests/test_reinvestment_split_allocation.py:475: No test cashflow available</skipped></testcase><testcase classname="backend.tests.test_reinvestment_split_allocation.TestReinvestmentSplitAllocation" name="test_empty_portfolio_rejected" time="1.010"><skipped type="pytest.skip" message="No test cashflow available">/app/backend/tests/test_reinvestment_split_allocation.py:503: No test cashflow available</skipped></testcase></testsuite></testsuites>