<?xml version="1.0" encoding="utf-8"?><testsuites name="pytest tests"><testsuite name="pytest" errors="0" failures="0" skipped="0" tests="14" time="1.363" timestamp="2026-01-17T11:27:49.060107+00:00" hostname="agent-env-ea95aff2-4c5e-4f06-9810-559f7903da6d"><testcase classname="tests.test_reinvestment_tagging.TestReinvestmentUpcoming" name="test_get_upcoming_returns_200" time="0.658" /><testcase classname="tests.test_reinvestment_tagging.TestReinvestmentUpcoming" name="test_response_structure" time="0.031" /><testcase classname="tests.test_reinvestment_tagging.TestReinvestmentUpcoming" name="test_cashflow_entry_has_bond_code" time="0.031" /><testcase classname="tests.test_reinvestment_tagging.TestReinvestmentUpcoming" name="test_cashflow_entry_has_portfolio_category" time="0.032" /><testcase classname="tests.test_reinvestment_tagging.TestReinvestmentUpcoming" name="test_cashflow_entry_has_required_fields" time="0.029" /><testcase classname="tests.test_reinvestment_tagging.TestReinvestmentTagging" name="test_tag_with_principal" time="0.040" /><testcase classname="tests.test_reinvestment_tagging.TestReinvestmentTagging" name="test_tag_with_interest" time="0.038" /><testcase classname="tests.test_reinvestment_tagging.TestReinvestmentTagging" name="test_tag_with_net_amount" time="0.042" /><testcase classname="tests.test_reinvestment_tagging.TestReinvestmentTagging" name="test_tag_with_custom_amount" time="0.044" /><testcase classname="tests.test_reinvestment_tagging.TestReinvestmentTagging" name="test_tag_not_invest" time="0.041" /><testcase classname="tests.test_reinvestment_tagging.TestReinvestmentTagging" name="test_untag_cashflow" time="0.093" /><testcase classname="tests.test_reinvestment_tagging.TestReinvestmentTagging" name="test_untag_clears_portfolio_category" time="0.117" /><testcase classname="tests.test_reinvestment_tagging.TestReinvestmentTagging" name="test_tag_nonexistent_cashflow" time="0.009" /><testcase classname="tests.test_reinvestment_tagging.TestReinvestmentDataIntegrity" name="test_tagged_entry_appears_in_correct_section" time="0.087" /></testsuite></testsuites>