<?xml version="1.0" encoding="utf-8"?><testsuites name="pytest tests"><testsuite name="pytest" errors="0" failures="0" skipped="0" tests="13" time="3.283" timestamp="2026-01-29T15:23:48.177242+00:00" hostname="agent-env-98ee04ad-2091-4fd6-a373-5ef796db7d4b"><testcase classname="backend.tests.test_reinvestment_edit_cancel.TestReinvestmentEditCancel" name="test_cancel_endpoint_exists" time="0.700" /><testcase classname="backend.tests.test_reinvestment_edit_cancel.TestReinvestmentEditCancel" name="test_edit_endpoint_exists" time="0.037" /><testcase classname="backend.tests.test_reinvestment_edit_cancel.TestReinvestmentEditCancel" name="test_cancel_requires_auth" time="0.041" /><testcase classname="backend.tests.test_reinvestment_edit_cancel.TestReinvestmentEditCancel" name="test_edit_requires_auth" time="0.037" /><testcase classname="backend.tests.test_reinvestment_edit_cancel.TestReinvestmentEditCancel" name="test_get_reinvestment_logs" time="0.044" /><testcase classname="backend.tests.test_reinvestment_edit_cancel.TestReinvestmentEditCancel" name="test_get_upcoming_reinvestments" time="0.112" /><testcase classname="backend.tests.test_reinvestment_edit_cancel.TestClientApprovals" name="test_client_pending_approvals_endpoint_exists" time="0.601" /><testcase classname="backend.tests.test_reinvestment_edit_cancel.TestClientApprovals" name="test_client_approve_reinvestment_endpoint_exists" time="0.040" /><testcase classname="backend.tests.test_reinvestment_edit_cancel.TestClientApprovals" name="test_get_clients_with_login" time="0.045" /><testcase classname="backend.tests.test_reinvestment_edit_cancel.TestReinvestmentWorkflow" name="test_find_taggable_cashflow" time="0.673" /><testcase classname="backend.tests.test_reinvestment_edit_cancel.TestReinvestmentWorkflow" name="test_tag_cashflow" time="0.165" /><testcase classname="backend.tests.test_reinvestment_edit_cancel.TestReinvestmentWorkflow" name="test_reinvestment_logs_structure" time="0.043" /><testcase classname="backend.tests.test_reinvestment_edit_cancel.TestClientHoldingsUI" name="test_holdings_pdf_endpoint_exists" time="0.676" /></testsuite></testsuites>