<?xml version="1.0" encoding="utf-8"?><testsuites name="pytest tests"><testsuite name="pytest" errors="0" failures="0" skipped="0" tests="6" time="1.612" timestamp="2026-09-08T17:32:48.837202+00:00" hostname="agent-env-1f22e7ff-7241-459e-aa24-fad2601fe565"><testcase classname="backend.tests.test_repayment_progress" name="test_bonds_endpoint_ok" time="1.062" /><testcase classname="backend.tests.test_repayment_progress" name="test_bonds_available_endpoint_ok" time="0.105" /><testcase classname="backend.tests.test_repayment_progress" name="test_bonds_response_has_cashflow_counts" time="0.093" /><testcase classname="backend.tests.test_repayment_progress" name="test_bonds_available_response_has_cashflow_counts" time="0.092" /><testcase classname="backend.tests.test_repayment_progress" name="test_bonds_counts_match_cashflows_per_unit" time="0.093" /><testcase classname="backend.tests.test_repayment_progress" name="test_repaid_count_is_time_based_not_repayment_based" time="0.103" /></testsuite></testsuites>