<?xml version="1.0" encoding="utf-8"?><testsuites name="pytest tests"><testsuite name="pytest" errors="0" failures="0" skipped="0" tests="16" time="3.145" timestamp="2026-01-21T17:29:00.151995+00:00" hostname="agent-env-f0909831-69f6-49ac-aa69-ccf777d1b207"><testcase classname="tests.test_sell_unit_and_fees.TestAuthentication" name="test_broker_login_success" time="0.599" /><testcase classname="tests.test_sell_unit_and_fees.TestPropertyData" name="test_property_has_fully_invested_status" time="0.603" /><testcase classname="tests.test_sell_unit_and_fees.TestPropertyData" name="test_property_has_dld_fee" time="0.000" /><testcase classname="tests.test_sell_unit_and_fees.TestPropertyData" name="test_property_has_admin_fee" time="0.000" /><testcase classname="tests.test_sell_unit_and_fees.TestPropertyData" name="test_property_has_selling_fee_percentage" time="0.000" /><testcase classname="tests.test_sell_unit_and_fees.TestPropertyData" name="test_property_has_payment_schedule" time="0.000" /><testcase classname="tests.test_sell_unit_and_fees.TestPropertyData" name="test_property_has_investors" time="0.000" /><testcase classname="tests.test_sell_unit_and_fees.TestSellUnitAPI" name="test_sell_unit_requires_authentication" time="0.040" /><testcase classname="tests.test_sell_unit_and_fees.TestSellUnitAPI" name="test_sell_unit_validates_required_fields" time="0.583" /><testcase classname="tests.test_sell_unit_and_fees.TestSellUnitAPI" name="test_sell_unit_rejects_non_fully_invested" time="0.037" /><testcase classname="tests.test_sell_unit_and_fees.TestSellUnitAPI" name="test_sell_unit_request_model_accepts_xirr_fields" time="0.040" /><testcase classname="tests.test_sell_unit_and_fees.TestDLDAdminFeeStructure" name="test_dld_fee_percentage_present" time="0.581" /><testcase classname="tests.test_sell_unit_and_fees.TestDLDAdminFeeStructure" name="test_dld_fee_amount_calculated_correctly" time="0.000" /><testcase classname="tests.test_sell_unit_and_fees.TestDLDAdminFeeStructure" name="test_admin_fee_present" time="0.000" /><testcase classname="tests.test_sell_unit_and_fees.TestDLDAdminFeeStructure" name="test_dld_admin_payments_structure" time="0.000" /><testcase classname="tests.test_sell_unit_and_fees.TestSellingFeeAutoPopulation" name="test_selling_fee_fallback_logic" time="0.589" /></testsuite></testsuites>