<?xml version="1.0" encoding="utf-8"?><testsuites name="pytest tests"><testsuite name="pytest" errors="0" failures="0" skipped="0" tests="9" time="3.061" timestamp="2026-01-25T12:33:18.716935+00:00" hostname="agent-env-d90f1927-1996-4eba-95ce-1ededc676739"><testcase classname="backend.tests.test_signup_and_login_fixes.TestLeadsInterestEndpoint" name="test_create_lead_interest_success" time="0.080" /><testcase classname="backend.tests.test_signup_and_login_fixes.TestLeadsInterestEndpoint" name="test_create_lead_interest_missing_fields" time="0.042" /><testcase classname="backend.tests.test_signup_and_login_fixes.TestLeadsInterestEndpoint" name="test_create_lead_interest_duplicate_email" time="0.078" /><testcase classname="backend.tests.test_signup_and_login_fixes.TestLeadsWithSource" name="test_leads_have_signup_page_source" time="0.664" /><testcase classname="backend.tests.test_signup_and_login_fixes.TestLoginFlow" name="test_login_step1_success" time="0.277" /><testcase classname="backend.tests.test_signup_and_login_fixes.TestLoginFlow" name="test_login_step1_invalid_credentials" time="0.039" /><testcase classname="backend.tests.test_signup_and_login_fixes.TestLoginFlow" name="test_login_full_flow" time="0.595" /><testcase classname="backend.tests.test_signup_and_login_fixes.TestRolePermissions" name="test_get_role_permissions" time="0.592" /><testcase classname="backend.tests.test_signup_and_login_fixes.TestRolePermissions" name="test_get_user_permissions" time="0.631" /></testsuite></testsuites>