<?xml version="1.0" encoding="utf-8"?><testsuites name="pytest tests"><testsuite name="pytest" errors="0" failures="0" skipped="0" tests="20" time="3.194" timestamp="2026-01-12T17:48:09.683274+00:00" hostname="agent-env-f302bcf2-8b95-44c6-93e2-2fd2c23540df"><testcase classname="tests.test_trade_workflow.TestTradeWorkflow" name="test_01_broker_login" time="1.065" /><testcase classname="tests.test_trade_workflow.TestTradeWorkflow" name="test_02_sub_broker_login" time="0.000" /><testcase classname="tests.test_trade_workflow.TestTradeWorkflow" name="test_03_get_bond_details" time="0.038" /><testcase classname="tests.test_trade_workflow.TestTradeWorkflow" name="test_04_get_or_create_test_client" time="0.039" /><testcase classname="tests.test_trade_workflow.TestTradeWorkflow" name="test_05_calculate_price_for_trade" time="0.037" /><testcase classname="tests.test_trade_workflow.TestTradeWorkflow" name="test_06_broker_create_trade_auto_approved" time="0.153" /><testcase classname="tests.test_trade_workflow.TestTradeWorkflow" name="test_07_get_all_trades" time="0.037" /><testcase classname="tests.test_trade_workflow.TestTradeWorkflow" name="test_08_get_pending_trades_broker" time="0.041" /><testcase classname="tests.test_trade_workflow.TestTradeWorkflow" name="test_09_sub_broker_cannot_view_pending_trades" time="0.039" /><testcase classname="tests.test_trade_workflow.TestTradeWorkflow" name="test_10_sub_broker_create_trade_pending" time="0.154" /><testcase classname="tests.test_trade_workflow.TestTradeWorkflow" name="test_11_verify_pending_trade_appears" time="0.036" /><testcase classname="tests.test_trade_workflow.TestTradeWorkflow" name="test_12_broker_approve_trade" time="0.065" /><testcase classname="tests.test_trade_workflow.TestTradeWorkflow" name="test_13_verify_trade_status_updated" time="0.038" /><testcase classname="tests.test_trade_workflow.TestTradeWorkflow" name="test_14_create_and_reject_trade" time="0.232" /><testcase classname="tests.test_trade_workflow.TestTradeWorkflow" name="test_15_cannot_verify_non_pending_trade" time="0.038" /><testcase classname="tests.test_trade_workflow.TestTradeWorkflow" name="test_16_trade_invalid_status" time="0.219" /><testcase classname="tests.test_trade_workflow.TestTradeWorkflow" name="test_17_sub_broker_cannot_verify_trades" time="0.037" /><testcase classname="tests.test_trade_workflow.TestTradeEdgeCases" name="test_trade_with_invalid_bond" time="0.635" /><testcase classname="tests.test_trade_workflow.TestTradeEdgeCases" name="test_trade_with_invalid_client" time="0.117" /><testcase classname="tests.test_trade_workflow.TestTradeEdgeCases" name="test_trade_exceeds_available_units" time="0.114" /></testsuite></testsuites>