<?xml version="1.0" encoding="utf-8"?><testsuites name="pytest tests"><testsuite name="pytest" errors="0" failures="0" skipped="7" tests="20" time="2.720" timestamp="2026-01-12T17:46:03.329825+00:00" hostname="agent-env-f302bcf2-8b95-44c6-93e2-2fd2c23540df"><testcase classname="tests.test_trade_workflow.TestTradeWorkflow" name="test_01_broker_login" time="1.164" /><testcase classname="tests.test_trade_workflow.TestTradeWorkflow" name="test_02_sub_broker_login" time="0.000" /><testcase classname="tests.test_trade_workflow.TestTradeWorkflow" name="test_03_get_bond_details" time="0.043" /><testcase classname="tests.test_trade_workflow.TestTradeWorkflow" name="test_04_get_or_create_test_client" time="0.038" /><testcase classname="tests.test_trade_workflow.TestTradeWorkflow" name="test_05_calculate_price_for_trade" time="0.042" /><testcase classname="tests.test_trade_workflow.TestTradeWorkflow" name="test_06_broker_create_trade_auto_approved" time="0.152" /><testcase classname="tests.test_trade_workflow.TestTradeWorkflow" name="test_07_get_all_trades" time="0.038" /><testcase classname="tests.test_trade_workflow.TestTradeWorkflow" name="test_08_get_pending_trades_broker" time="0.046" /><testcase classname="tests.test_trade_workflow.TestTradeWorkflow" name="test_09_sub_broker_cannot_view_pending_trades" time="0.039" /><testcase classname="tests.test_trade_workflow.TestTradeWorkflow" name="test_10_sub_broker_create_trade_pending" time="0.041"><skipped type="pytest.skip" message="No clients linked to sub-broker for testing">/app/tests/test_trade_workflow.py:269: No clients linked to sub-broker for testing</skipped></testcase><testcase classname="tests.test_trade_workflow.TestTradeWorkflow" name="test_11_verify_pending_trade_appears" time="0.000"><skipped type="pytest.skip" message="No pending trade to verify">/app/tests/test_trade_workflow.py:319: No pending trade to verify</skipped></testcase><testcase classname="tests.test_trade_workflow.TestTradeWorkflow" name="test_12_broker_approve_trade" time="0.000"><skipped type="pytest.skip" message="No pending trade to approve">/app/tests/test_trade_workflow.py:336: No pending trade to approve</skipped></testcase><testcase classname="tests.test_trade_workflow.TestTradeWorkflow" name="test_13_verify_trade_status_updated" time="0.000"><skipped type="pytest.skip" message="No trade to verify">/app/tests/test_trade_workflow.py:359: No trade to verify</skipped></testcase><testcase classname="tests.test_trade_workflow.TestTradeWorkflow" name="test_14_create_and_reject_trade" time="0.038"><skipped type="pytest.skip" message="No clients linked to sub-broker">/app/tests/test_trade_workflow.py:385: No clients linked to sub-broker</skipped></testcase><testcase classname="tests.test_trade_workflow.TestTradeWorkflow" name="test_15_cannot_verify_non_pending_trade" time="0.000"><skipped type="pytest.skip" message="No trade to test">/app/tests/test_trade_workflow.py:450: No trade to test</skipped></testcase><testcase classname="tests.test_trade_workflow.TestTradeWorkflow" name="test_16_trade_invalid_status" time="0.044"><skipped type="pytest.skip" message="No clients available">/app/tests/test_trade_workflow.py:470: No clients available</skipped></testcase><testcase classname="tests.test_trade_workflow.TestTradeWorkflow" name="test_17_sub_broker_cannot_verify_trades" time="0.042" /><testcase classname="tests.test_trade_workflow.TestTradeEdgeCases" name="test_trade_with_invalid_bond" time="0.613" /><testcase classname="tests.test_trade_workflow.TestTradeEdgeCases" name="test_trade_with_invalid_client" time="0.081" /><testcase classname="tests.test_trade_workflow.TestTradeEdgeCases" name="test_trade_exceeds_available_units" time="0.119" /></testsuite></testsuites>